Version 0.0.2 
 Welcome!
Problem with year [1957] - []
Problem with year [1958] - []
Problem with year [1959] - []
Problem with year [1960] - []
Problem with year [1961] - []
Problem with year [1962] - []
Problem with year [1963] - []
Problem with year [1964] - []
Problem with year [1965] - []
Problem with year [1966] - []
Problem with year [1967] - []
--- 0.4712371826171875 seconds ---
/anaconda3/lib/python3.6/site-packages/sqlalchemy/engine/default.py:508: Warning: (3719, "'utf8' is currently an alias for the character set UTF8MB3, which will be replaced by UTF8MB4 in a future release. Please consider using UTF8MB4 in order to be unambiguous.")
  cursor.execute(statement, parameters)
Year: 1968 - DB [OK]
Problem with year [1969] - []
--- 8.436094999313354 seconds ---
Year: 1970 - DB [OK]
--- 7.9686219692230225 seconds ---
Year: 1971 - DB [OK]
--- 6.737643003463745 seconds ---
Year: 1972 - DB [OK]
--- 6.307522773742676 seconds ---
Year: 1973 - DB [OK]
--- 5.572900056838989 seconds ---
Year: 1974 - DB [OK]
--- 4.91191291809082 seconds ---
Year: 1975 - DB [OK]
--- 5.187873125076294 seconds ---
Year: 1976 - DB [OK]
--- 4.694082975387573 seconds ---
Year: 1977 - DB [OK]
Problem with year [1978] - [float division by zero]
--- 5.363293886184692 seconds ---
Year: 1979 - DB [OK]
--- 3.592525005340576 seconds ---
Year: 1980 - DB [OK]
--- 3.7010538578033447 seconds ---
Year: 1981 - DB [OK]
--- 5.104266881942749 seconds ---
Year: 1982 - DB [OK]
--- 3.1589479446411133 seconds ---
Year: 1983 - DB [OK]
--- 2.752019166946411 seconds ---
Year: 1984 - DB [OK]
--- 4.42037296295166 seconds ---
Year: 1985 - DB [OK]
--- 3.149994134902954 seconds ---
Year: 1986 - DB [OK]
--- 2.6736631393432617 seconds ---
Year: 1987 - DB [OK]
--- 2.9840288162231445 seconds ---
Year: 1988 - DB [OK]
--- 5.200644016265869 seconds ---
Year: 1989 - DB [OK]
--- 5.211241006851196 seconds ---
Year: 1990 - DB [OK]
--- 3.9886820316314697 seconds ---
Year: 1991 - DB [OK]
--- 4.052259922027588 seconds ---
Year: 1992 - DB [OK]
Problem with year [1993] - [float division by zero]
--- 6.483565807342529 seconds ---
Year: 1994 - DB [OK]
--- 4.714279890060425 seconds ---
Year: 1995 - DB [OK]
--- 5.2511820793151855 seconds ---
Year: 1996 - DB [OK]
Problem with year [1997] - [float division by zero]
Problem with year [1998] - [malformed MATCH expression: [NEAR RE OF ME YOU 1998]]
--- 6.684078693389893 seconds ---
Year: 1999 - DB [OK]
--- 4.213114976882935 seconds ---
Year: 2000 - DB [OK]
--- 3.7034201622009277 seconds ---
Year: 2001 - DB [OK]
Problem with year [2002] - [float division by zero]
--- 7.253347158432007 seconds ---
Year: 2003 - DB [OK]
--- 5.667507886886597 seconds ---
Year: 2004 - DB [OK]
--- 7.533225059509277 seconds ---
Year: 2005 - DB [OK]
--- 51.687047243118286 seconds ---
Year: 2006 - DB [OK]
--- 44.258715867996216 seconds ---
Year: 2007 - DB [OK]
--- 17.97505497932434 seconds ---
Year: 2008 - DB [OK]
Problem with year [2009] - [float division by zero]
Problem with year [2010] - [float division by zero]
Problem with year [2011] - [float division by zero]
Problem with year [2012] - [float division by zero]
Problem with year [2013] - [float division by zero]
Problem with year [2014] - [float division by zero]
Problem with year [2015] - [float division by zero]
--- 30.821190118789673 seconds ---
Year: 2016 - DB [OK]
Problem with year [2017] - []
Problem with year [2018] - []